
*** Running vivado
    with args -log Lab5_Team28_Vending_Machine_fpga.vds -m64 -product Vivado -mode batch -messageDb vivado.pb -notrace -source Lab5_Team28_Vending_Machine_fpga.tcl



****** Vivado v2020.2 (64-bit)
  **** SW Build 3064766 on Wed Nov 18 09:12:45 MST 2020
  **** IP Build 3064653 on Wed Nov 18 14:17:31 MST 2020
    ** Copyright 1986-2020 Xilinx, Inc. All Rights Reserved.

source Lab5_Team28_Vending_Machine_fpga.tcl -notrace
INFO: [IP_Flow 19-234] Refreshing IP repositories
INFO: [IP_Flow 19-1700] Loaded user IP repository 'c:/Logic_Design_Lab/Lab_5/Advance/Lab5_Team28_Vending_Machine_fpga/ip'.
INFO: [IP_Flow 19-2313] Loaded Vivado IP repository 'C:/Xilinx/Vivado/2020.2/data/ip'.
WARNING: [IP_Flow 19-4995] The host OS only allows 260 characters in a normal path. The IP cache path is more than 80 characters. If you experience issues with IP caching, please consider changing the IP cache to a location with a shorter path. Alternately consider using the OS subst command to map part of the path to a drive letter. 
Current IP cache path is c:/Logic_Design_Lab/Lab_5/Advance/Lab5_Team28_Vending_Machine_fpga/Lab5_Team28_Vending_Machine_fpga.cache/ip 
Command: synth_design -top Lab5_Team28_Vending_Machine_fpga -part xc7a35tcpg236-1
Starting synth_design
Attempting to get a license for feature 'Synthesis' and/or device 'xc7a35t'
INFO: [Common 17-349] Got license for feature 'Synthesis' and/or device 'xc7a35t'
INFO: [Device 21-403] Loading part xc7a35tcpg236-1
INFO: [Synth 8-7079] Multithreading enabled for synth_design using a maximum of 2 processes.
INFO: [Synth 8-7078] Launching helper process for spawning children vivado processes
INFO: [Synth 8-7075] Helper process launched with PID 1756
---------------------------------------------------------------------------------
Starting RTL Elaboration : Time (s): cpu = 00:00:02 ; elapsed = 00:00:03 . Memory (MB): peak = 1015.379 ; gain = 0.000
---------------------------------------------------------------------------------
INFO: [Synth 8-6157] synthesizing module 'Lab5_Team28_Vending_Machine_fpga' [C:/Logic_Design_Lab/Lab_5/Advance/Lab5_Team28_Vending_Machine_fpga/Lab5_Team28_Vending_Machine_fpga.v:3]
	Parameter KEY_A bound to: 9'b000011100 
	Parameter KEY_S bound to: 9'b000011011 
	Parameter KEY_D bound to: 9'b000100011 
	Parameter KEY_F bound to: 9'b000101011 
INFO: [Synth 8-6157] synthesizing module 'Debounce' [C:/Logic_Design_Lab/Lab_5/Advance/Lab5_Team28_Vending_Machine_fpga/Lab5_Team28_Vending_Machine_fpga.v:618]
INFO: [Synth 8-6155] done synthesizing module 'Debounce' (1#1) [C:/Logic_Design_Lab/Lab_5/Advance/Lab5_Team28_Vending_Machine_fpga/Lab5_Team28_Vending_Machine_fpga.v:618]
INFO: [Synth 8-6157] synthesizing module 'OnePulse' [C:/Logic_Design_Lab/Lab_5/Advance/Lab5_Team28_Vending_Machine_fpga/Lab5_Team28_Vending_Machine_fpga.v:601]
INFO: [Synth 8-6155] done synthesizing module 'OnePulse' (2#1) [C:/Logic_Design_Lab/Lab_5/Advance/Lab5_Team28_Vending_Machine_fpga/Lab5_Team28_Vending_Machine_fpga.v:601]
INFO: [Synth 8-6157] synthesizing module 'SevenSegment' [C:/Logic_Design_Lab/Lab_5/Advance/Lab5_Team28_Vending_Machine_fpga/Lab5_Team28_Vending_Machine_fpga.v:394]
INFO: [Synth 8-155] case statement is not full and has no default [C:/Logic_Design_Lab/Lab_5/Advance/Lab5_Team28_Vending_Machine_fpga/Lab5_Team28_Vending_Machine_fpga.v:434]
INFO: [Synth 8-6155] done synthesizing module 'SevenSegment' (3#1) [C:/Logic_Design_Lab/Lab_5/Advance/Lab5_Team28_Vending_Machine_fpga/Lab5_Team28_Vending_Machine_fpga.v:394]
INFO: [Synth 8-6157] synthesizing module 'KeyboardDecoder' [C:/Logic_Design_Lab/Lab_5/Advance/Lab5_Team28_Vending_Machine_fpga/Lab5_Team28_Vending_Machine_fpga.v:258]
	Parameter INIT bound to: 2'b00 
	Parameter WAIT_FOR_SIGNAL bound to: 2'b01 
	Parameter GET_SIGNAL_DOWN bound to: 2'b10 
	Parameter WAIT_RELEASE bound to: 2'b11 
	Parameter IS_INIT bound to: 8'b10101010 
	Parameter IS_EXTEND bound to: 8'b11100000 
	Parameter IS_BREAK bound to: 8'b11110000 
INFO: [Synth 8-6157] synthesizing module 'KeyboardCtrl_0' [C:/Logic_Design_Lab/Lab_5/Advance/Lab5_Team28_Vending_Machine_fpga/Lab5_Team28_Vending_Machine_fpga.runs/synth_1/.Xil/Vivado-10952-MSI-Modern-14-B11M/realtime/KeyboardCtrl_0_stub.v:6]
INFO: [Synth 8-6155] done synthesizing module 'KeyboardCtrl_0' (4#1) [C:/Logic_Design_Lab/Lab_5/Advance/Lab5_Team28_Vending_Machine_fpga/Lab5_Team28_Vending_Machine_fpga.runs/synth_1/.Xil/Vivado-10952-MSI-Modern-14-B11M/realtime/KeyboardCtrl_0_stub.v:6]
INFO: [Synth 8-226] default block is never used [C:/Logic_Design_Lab/Lab_5/Advance/Lab5_Team28_Vending_Machine_fpga/Lab5_Team28_Vending_Machine_fpga.v:326]
INFO: [Synth 8-226] default block is never used [C:/Logic_Design_Lab/Lab_5/Advance/Lab5_Team28_Vending_Machine_fpga/Lab5_Team28_Vending_Machine_fpga.v:336]
INFO: [Synth 8-226] default block is never used [C:/Logic_Design_Lab/Lab_5/Advance/Lab5_Team28_Vending_Machine_fpga/Lab5_Team28_Vending_Machine_fpga.v:346]
INFO: [Synth 8-226] default block is never used [C:/Logic_Design_Lab/Lab_5/Advance/Lab5_Team28_Vending_Machine_fpga/Lab5_Team28_Vending_Machine_fpga.v:356]
INFO: [Synth 8-226] default block is never used [C:/Logic_Design_Lab/Lab_5/Advance/Lab5_Team28_Vending_Machine_fpga/Lab5_Team28_Vending_Machine_fpga.v:366]
INFO: [Synth 8-6155] done synthesizing module 'KeyboardDecoder' (5#1) [C:/Logic_Design_Lab/Lab_5/Advance/Lab5_Team28_Vending_Machine_fpga/Lab5_Team28_Vending_Machine_fpga.v:258]
INFO: [Synth 8-6157] synthesizing module 'Money' [C:/Logic_Design_Lab/Lab_5/Advance/Lab5_Team28_Vending_Machine_fpga/Lab5_Team28_Vending_Machine_fpga.v:158]
	Parameter INSERT_MONEY bound to: 1'b0 
	Parameter RETURN_MONEY bound to: 1'b1 
	Parameter Coffee bound to: 8'b01010000 
	Parameter Coke bound to: 8'b00011110 
	Parameter Oolong bound to: 8'b00011001 
	Parameter Water bound to: 8'b00010100 
INFO: [Synth 8-226] default block is never used [C:/Logic_Design_Lab/Lab_5/Advance/Lab5_Team28_Vending_Machine_fpga/Lab5_Team28_Vending_Machine_fpga.v:187]
INFO: [Synth 8-6155] done synthesizing module 'Money' (6#1) [C:/Logic_Design_Lab/Lab_5/Advance/Lab5_Team28_Vending_Machine_fpga/Lab5_Team28_Vending_Machine_fpga.v:158]
INFO: [Synth 8-6155] done synthesizing module 'Lab5_Team28_Vending_Machine_fpga' (7#1) [C:/Logic_Design_Lab/Lab_5/Advance/Lab5_Team28_Vending_Machine_fpga/Lab5_Team28_Vending_Machine_fpga.v:3]
---------------------------------------------------------------------------------
Finished RTL Elaboration : Time (s): cpu = 00:00:03 ; elapsed = 00:00:04 . Memory (MB): peak = 1015.379 ; gain = 0.000
---------------------------------------------------------------------------------
---------------------------------------------------------------------------------
Start Handling Custom Attributes
---------------------------------------------------------------------------------
---------------------------------------------------------------------------------
Finished Handling Custom Attributes : Time (s): cpu = 00:00:03 ; elapsed = 00:00:04 . Memory (MB): peak = 1015.379 ; gain = 0.000
---------------------------------------------------------------------------------
---------------------------------------------------------------------------------
Finished RTL Optimization Phase 1 : Time (s): cpu = 00:00:03 ; elapsed = 00:00:04 . Memory (MB): peak = 1015.379 ; gain = 0.000
---------------------------------------------------------------------------------
Netlist sorting complete. Time (s): cpu = 00:00:00 ; elapsed = 00:00:00.018 . Memory (MB): peak = 1015.379 ; gain = 0.000
INFO: [Project 1-570] Preparing netlist for logic optimization

Processing XDC Constraints
Initializing timing engine
Parsing XDC File [c:/Logic_Design_Lab/Lab_5/Advance/Lab5_Team28_Vending_Machine_fpga/Lab5_Team28_Vending_Machine_fpga.gen/sources_1/ip/KeyboardCtrl_0/KeyboardCtrl_0/KeyboardCtrl_0_in_context.xdc] for cell 'key_de/inst'
Finished Parsing XDC File [c:/Logic_Design_Lab/Lab_5/Advance/Lab5_Team28_Vending_Machine_fpga/Lab5_Team28_Vending_Machine_fpga.gen/sources_1/ip/KeyboardCtrl_0/KeyboardCtrl_0/KeyboardCtrl_0_in_context.xdc] for cell 'key_de/inst'
Parsing XDC File [C:/Logic_Design_Lab/Lab_5/Advance/Lab5_Team28_Vending_Machine_fpga/Lab5_Team28_Vending_Machine_fpga.srcs/constrs_1/new/fpga.xdc]
WARNING: [Vivado 12-584] No ports matched 'db_cancel'. [C:/Logic_Design_Lab/Lab_5/Advance/Lab5_Team28_Vending_Machine_fpga/Lab5_Team28_Vending_Machine_fpga.srcs/constrs_1/new/fpga.xdc:44]
WARNING: [Vivado 12-584] No ports matched 'db_cancel'. [C:/Logic_Design_Lab/Lab_5/Advance/Lab5_Team28_Vending_Machine_fpga/Lab5_Team28_Vending_Machine_fpga.srcs/constrs_1/new/fpga.xdc:45]
Finished Parsing XDC File [C:/Logic_Design_Lab/Lab_5/Advance/Lab5_Team28_Vending_Machine_fpga/Lab5_Team28_Vending_Machine_fpga.srcs/constrs_1/new/fpga.xdc]
WARNING: [Project 1-498] One or more constraints failed evaluation while reading constraint file [C:/Logic_Design_Lab/Lab_5/Advance/Lab5_Team28_Vending_Machine_fpga/Lab5_Team28_Vending_Machine_fpga.srcs/constrs_1/new/fpga.xdc] and the design contains unresolved black boxes. These constraints will be read post-synthesis (as long as their source constraint file is marked as used_in_implementation) and should be applied correctly then. You should review the constraints listed in the file [.Xil/Lab5_Team28_Vending_Machine_fpga_propImpl.xdc] and check the run log file to verify that these constraints were correctly applied.
INFO: [Project 1-236] Implementation specific constraints were found while reading constraint file [C:/Logic_Design_Lab/Lab_5/Advance/Lab5_Team28_Vending_Machine_fpga/Lab5_Team28_Vending_Machine_fpga.srcs/constrs_1/new/fpga.xdc]. These constraints will be ignored for synthesis but will be used in implementation. Impacted constraints are listed in the file [.Xil/Lab5_Team28_Vending_Machine_fpga_propImpl.xdc].
Resolution: To avoid this warning, move constraints listed in [.Xil/Lab5_Team28_Vending_Machine_fpga_propImpl.xdc] to another XDC file and exclude this new file from synthesis with the used_in_synthesis property (File Properties dialog in GUI) and re-run elaboration/synthesis.
Completed Processing XDC Constraints

Netlist sorting complete. Time (s): cpu = 00:00:00 ; elapsed = 00:00:00.001 . Memory (MB): peak = 1052.113 ; gain = 0.000
INFO: [Project 1-111] Unisim Transformation Summary:
No Unisim elements were transformed.

Constraint Validation Runtime : Time (s): cpu = 00:00:00 ; elapsed = 00:00:00.004 . Memory (MB): peak = 1052.113 ; gain = 0.000
---------------------------------------------------------------------------------
Finished Constraint Validation : Time (s): cpu = 00:00:07 ; elapsed = 00:00:09 . Memory (MB): peak = 1052.113 ; gain = 36.734
---------------------------------------------------------------------------------
---------------------------------------------------------------------------------
Start Loading Part and Timing Information
---------------------------------------------------------------------------------
Loading part: xc7a35tcpg236-1
---------------------------------------------------------------------------------
Finished Loading Part and Timing Information : Time (s): cpu = 00:00:07 ; elapsed = 00:00:09 . Memory (MB): peak = 1052.113 ; gain = 36.734
---------------------------------------------------------------------------------
---------------------------------------------------------------------------------
Start Applying 'set_property' XDC Constraints
---------------------------------------------------------------------------------
Applied set_property IO_BUFFER_TYPE = NONE for PS2_CLK. (constraint file  c:/Logic_Design_Lab/Lab_5/Advance/Lab5_Team28_Vending_Machine_fpga/Lab5_Team28_Vending_Machine_fpga.gen/sources_1/ip/KeyboardCtrl_0/KeyboardCtrl_0/KeyboardCtrl_0_in_context.xdc, line 1).
Applied set_property CLOCK_BUFFER_TYPE = NONE for PS2_CLK. (constraint file  c:/Logic_Design_Lab/Lab_5/Advance/Lab5_Team28_Vending_Machine_fpga/Lab5_Team28_Vending_Machine_fpga.gen/sources_1/ip/KeyboardCtrl_0/KeyboardCtrl_0/KeyboardCtrl_0_in_context.xdc, line 2).
Applied set_property IO_BUFFER_TYPE = NONE for PS2_DATA. (constraint file  c:/Logic_Design_Lab/Lab_5/Advance/Lab5_Team28_Vending_Machine_fpga/Lab5_Team28_Vending_Machine_fpga.gen/sources_1/ip/KeyboardCtrl_0/KeyboardCtrl_0/KeyboardCtrl_0_in_context.xdc, line 3).
Applied set_property CLOCK_BUFFER_TYPE = NONE for PS2_DATA. (constraint file  c:/Logic_Design_Lab/Lab_5/Advance/Lab5_Team28_Vending_Machine_fpga/Lab5_Team28_Vending_Machine_fpga.gen/sources_1/ip/KeyboardCtrl_0/KeyboardCtrl_0/KeyboardCtrl_0_in_context.xdc, line 4).
Applied set_property KEEP_HIERARCHY = SOFT for key_de/inst. (constraint file  auto generated constraint).
---------------------------------------------------------------------------------
Finished applying 'set_property' XDC Constraints : Time (s): cpu = 00:00:07 ; elapsed = 00:00:09 . Memory (MB): peak = 1052.113 ; gain = 36.734
---------------------------------------------------------------------------------
INFO: [Synth 8-802] inferred FSM for state register 'digit_reg' in module 'SevenSegment'
INFO: [Synth 8-802] inferred FSM for state register 'state_reg' in module 'KeyboardDecoder'
---------------------------------------------------------------------------------------------------
                   State |                     New Encoding |                Previous Encoding 
---------------------------------------------------------------------------------------------------
                 iSTATE2 |                               00 |                             1111
*
                  iSTATE |                               01 |                             1110
                 iSTATE1 |                               10 |                             1101
                 iSTATE3 |                               11 |                             1011
---------------------------------------------------------------------------------------------------
INFO: [Synth 8-3354] encoded FSM with state register 'digit_reg' using encoding 'sequential' in module 'SevenSegment'
WARNING: [Synth 8-327] inferring latch for variable 'mux0_reg' [C:/Logic_Design_Lab/Lab_5/Advance/Lab5_Team28_Vending_Machine_fpga/Lab5_Team28_Vending_Machine_fpga.v:435]
---------------------------------------------------------------------------------------------------
                   State |                     New Encoding |                Previous Encoding 
---------------------------------------------------------------------------------------------------
                    INIT |                               00 |                               00
         WAIT_FOR_SIGNAL |                               01 |                               01
         GET_SIGNAL_DOWN |                               10 |                               10
            WAIT_RELEASE |                               11 |                               11
---------------------------------------------------------------------------------------------------
INFO: [Synth 8-3354] encoded FSM with state register 'state_reg' using encoding 'sequential' in module 'KeyboardDecoder'
---------------------------------------------------------------------------------
Finished RTL Optimization Phase 2 : Time (s): cpu = 00:00:08 ; elapsed = 00:00:09 . Memory (MB): peak = 1052.113 ; gain = 36.734
---------------------------------------------------------------------------------
---------------------------------------------------------------------------------
Start RTL Component Statistics 
---------------------------------------------------------------------------------
Detailed RTL Component Info : 
+---Adders : 
	   2 Input   27 Bit       Adders := 1     
	   2 Input    8 Bit       Adders := 5     
+---Registers : 
	              512 Bit    Registers := 1     
	               27 Bit    Registers := 1     
	               10 Bit    Registers := 1     
	                8 Bit    Registers := 2     
	                4 Bit    Registers := 7     
	                1 Bit    Registers := 17    
+---Muxes : 
	   2 Input  512 Bit        Muxes := 1     
	   2 Input   27 Bit        Muxes := 1     
	   4 Input   10 Bit        Muxes := 1     
	   2 Input    8 Bit        Muxes := 2     
	   2 Input    4 Bit        Muxes := 4     
	   4 Input    4 Bit        Muxes := 2     
	 102 Input    4 Bit        Muxes := 1     
	   5 Input    4 Bit        Muxes := 1     
	   2 Input    3 Bit        Muxes := 4     
	   2 Input    2 Bit        Muxes := 7     
	   4 Input    2 Bit        Muxes := 2     
	   2 Input    1 Bit        Muxes := 12    
	 102 Input    1 Bit        Muxes := 1     
	   4 Input    1 Bit        Muxes := 7     
	   3 Input    1 Bit        Muxes := 2     
	   7 Input    1 Bit        Muxes := 1     
	   6 Input    1 Bit        Muxes := 1     
---------------------------------------------------------------------------------
Finished RTL Component Statistics 
---------------------------------------------------------------------------------
---------------------------------------------------------------------------------
Start Part Resource Summary
---------------------------------------------------------------------------------
Part Resources:
DSPs: 90 (col length:60)
BRAMs: 100 (col length: RAMB18 60 RAMB36 30)
---------------------------------------------------------------------------------
Finished Part Resource Summary
---------------------------------------------------------------------------------
---------------------------------------------------------------------------------
Start Cross Boundary and Area Optimization
---------------------------------------------------------------------------------
---------------------------------------------------------------------------------
Finished Cross Boundary and Area Optimization : Time (s): cpu = 00:00:10 ; elapsed = 00:00:12 . Memory (MB): peak = 1052.113 ; gain = 36.734
---------------------------------------------------------------------------------
---------------------------------------------------------------------------------
Start ROM, RAM, DSP, Shift Register and Retiming Reporting
---------------------------------------------------------------------------------

ROM: Preliminary Mapping	Report
+---------------------------------+----------------+---------------+----------------+
|Module Name                      | RTL Object     | Depth x Width | Implemented As | 
+---------------------------------+----------------+---------------+----------------+
|Lab5_Team28_Vending_Machine_fpga | seven_seg/mux0 | 128x4         | LUT            | 
+---------------------------------+----------------+---------------+----------------+

---------------------------------------------------------------------------------
Finished ROM, RAM, DSP, Shift Register and Retiming Reporting
---------------------------------------------------------------------------------
---------------------------------------------------------------------------------
Start Applying XDC Timing Constraints
---------------------------------------------------------------------------------
---------------------------------------------------------------------------------
Finished Applying XDC Timing Constraints : Time (s): cpu = 00:00:14 ; elapsed = 00:00:16 . Memory (MB): peak = 1052.113 ; gain = 36.734
---------------------------------------------------------------------------------
---------------------------------------------------------------------------------
Start Timing Optimization
---------------------------------------------------------------------------------
---------------------------------------------------------------------------------
Finished Timing Optimization : Time (s): cpu = 00:00:14 ; elapsed = 00:00:16 . Memory (MB): peak = 1052.113 ; gain = 36.734
---------------------------------------------------------------------------------
---------------------------------------------------------------------------------
Start Technology Mapping
---------------------------------------------------------------------------------
---------------------------------------------------------------------------------
Finished Technology Mapping : Time (s): cpu = 00:00:14 ; elapsed = 00:00:16 . Memory (MB): peak = 1060.684 ; gain = 45.305
---------------------------------------------------------------------------------
---------------------------------------------------------------------------------
Start IO Insertion
---------------------------------------------------------------------------------
---------------------------------------------------------------------------------
Start Flattening Before IO Insertion
---------------------------------------------------------------------------------
---------------------------------------------------------------------------------
Finished Flattening Before IO Insertion
---------------------------------------------------------------------------------
---------------------------------------------------------------------------------
Start Final Netlist Cleanup
---------------------------------------------------------------------------------
---------------------------------------------------------------------------------
Finished Final Netlist Cleanup
---------------------------------------------------------------------------------
---------------------------------------------------------------------------------
Finished IO Insertion : Time (s): cpu = 00:00:16 ; elapsed = 00:00:19 . Memory (MB): peak = 1068.875 ; gain = 53.496
---------------------------------------------------------------------------------
---------------------------------------------------------------------------------
Start Renaming Generated Instances
---------------------------------------------------------------------------------
---------------------------------------------------------------------------------
Finished Renaming Generated Instances : Time (s): cpu = 00:00:16 ; elapsed = 00:00:19 . Memory (MB): peak = 1068.875 ; gain = 53.496
---------------------------------------------------------------------------------
---------------------------------------------------------------------------------
Start Rebuilding User Hierarchy
---------------------------------------------------------------------------------
---------------------------------------------------------------------------------
Finished Rebuilding User Hierarchy : Time (s): cpu = 00:00:16 ; elapsed = 00:00:19 . Memory (MB): peak = 1068.875 ; gain = 53.496
---------------------------------------------------------------------------------
---------------------------------------------------------------------------------
Start Renaming Generated Ports
---------------------------------------------------------------------------------
---------------------------------------------------------------------------------
Finished Renaming Generated Ports : Time (s): cpu = 00:00:16 ; elapsed = 00:00:19 . Memory (MB): peak = 1068.875 ; gain = 53.496
---------------------------------------------------------------------------------
---------------------------------------------------------------------------------
Start Handling Custom Attributes
---------------------------------------------------------------------------------
---------------------------------------------------------------------------------
Finished Handling Custom Attributes : Time (s): cpu = 00:00:16 ; elapsed = 00:00:19 . Memory (MB): peak = 1068.875 ; gain = 53.496
---------------------------------------------------------------------------------
---------------------------------------------------------------------------------
Start Renaming Generated Nets
---------------------------------------------------------------------------------
---------------------------------------------------------------------------------
Finished Renaming Generated Nets : Time (s): cpu = 00:00:16 ; elapsed = 00:00:19 . Memory (MB): peak = 1068.875 ; gain = 53.496
---------------------------------------------------------------------------------
---------------------------------------------------------------------------------
Start Writing Synthesis Report
---------------------------------------------------------------------------------

Report BlackBoxes: 
+------+---------------+----------+
|      |BlackBox name  |Instances |
+------+---------------+----------+
|1     |KeyboardCtrl_0 |         1|
+------+---------------+----------+

Report Cell Usage: 
+------+-------------+------+
|      |Cell         |Count |
+------+-------------+------+
|1     |KeyboardCtrl |     1|
|2     |BUFG         |     1|
|3     |CARRY4       |    18|
|4     |LUT1         |     4|
|5     |LUT2         |    49|
|6     |LUT3         |    13|
|7     |LUT4         |    37|
|8     |LUT5         |    27|
|9     |LUT6         |    48|
|10    |MUXF7        |     2|
|11    |FDCE         |    36|
|12    |FDRE         |    92|
|13    |LD           |     4|
|14    |IBUF         |     6|
|15    |OBUF         |    12|
|16    |OBUFT        |     4|
+------+-------------+------+
---------------------------------------------------------------------------------
Finished Writing Synthesis Report : Time (s): cpu = 00:00:16 ; elapsed = 00:00:19 . Memory (MB): peak = 1068.875 ; gain = 53.496
---------------------------------------------------------------------------------
Synthesis finished with 0 errors, 0 critical warnings and 1 warnings.
Synthesis Optimization Runtime : Time (s): cpu = 00:00:12 ; elapsed = 00:00:17 . Memory (MB): peak = 1068.875 ; gain = 16.762
Synthesis Optimization Complete : Time (s): cpu = 00:00:16 ; elapsed = 00:00:19 . Memory (MB): peak = 1068.875 ; gain = 53.496
INFO: [Project 1-571] Translating synthesized netlist
Netlist sorting complete. Time (s): cpu = 00:00:00 ; elapsed = 00:00:00.003 . Memory (MB): peak = 1078.953 ; gain = 0.000
INFO: [Netlist 29-17] Analyzing 24 Unisim elements for replacement
INFO: [Netlist 29-28] Unisim Transformation completed in 0 CPU seconds
INFO: [Project 1-570] Preparing netlist for logic optimization
INFO: [Opt 31-138] Pushed 0 inverter(s) to 0 load pin(s).
Netlist sorting complete. Time (s): cpu = 00:00:00 ; elapsed = 00:00:00 . Memory (MB): peak = 1084.711 ; gain = 0.000
INFO: [Project 1-111] Unisim Transformation Summary:
  A total of 4 instances were transformed.
  LD => LDCE: 4 instances

INFO: [Common 17-83] Releasing license: Synthesis
43 Infos, 5 Warnings, 0 Critical Warnings and 0 Errors encountered.
synth_design completed successfully
synth_design: Time (s): cpu = 00:00:20 ; elapsed = 00:00:24 . Memory (MB): peak = 1084.711 ; gain = 69.332
INFO: [Common 17-1381] The checkpoint 'C:/Logic_Design_Lab/Lab_5/Advance/Lab5_Team28_Vending_Machine_fpga/Lab5_Team28_Vending_Machine_fpga.runs/synth_1/Lab5_Team28_Vending_Machine_fpga.dcp' has been generated.
INFO: [runtcl-4] Executing : report_utilization -file Lab5_Team28_Vending_Machine_fpga_utilization_synth.rpt -pb Lab5_Team28_Vending_Machine_fpga_utilization_synth.pb
INFO: [Common 17-206] Exiting Vivado at Sat Nov 18 14:18:22 2023...
