#-----------------------------------------------------------
# Vivado v2020.2 (64-bit)
# SW Build 3064766 on Wed Nov 18 09:12:45 MST 2020
# IP Build 3064653 on Wed Nov 18 14:17:31 MST 2020
# Start of session at: Thu Oct 12 16:12:53 2023
# Process ID: 17104
# Current directory: C:/Logic_Design_Lab/Lab_2/Advance/Lab2_111060013_Decode_And_Execute
# Command line: vivado.exe -gui_launcher_event rodinguilauncherevent8520 C:\Logic_Design_Lab\Lab_2\Advance\Lab2_111060013_Decode_And_Execute\Lab2_111060013_Decode_And_Execute.xpr
# Log file: C:/Logic_Design_Lab/Lab_2/Advance/Lab2_111060013_Decode_And_Execute/vivado.log
# Journal file: C:/Logic_Design_Lab/Lab_2/Advance/Lab2_111060013_Decode_And_Execute\vivado.jou
#-----------------------------------------------------------
start_gui
open_project C:/Logic_Design_Lab/Lab_2/Advance/Lab2_111060013_Decode_And_Execute/Lab2_111060013_Decode_And_Execute.xpr
WARNING: [filemgmt 56-3] Default IP Output Path : Could not find the directory 'C:/Logic_Design_Lab/Lab_2/Advance/Lab2_111060013_Decode_And_Execute/Lab2_111060013_Decode_And_Execute.gen/sources_1'.
Scanning sources...
Finished scanning sources
INFO: [IP_Flow 19-234] Refreshing IP repositories
INFO: [IP_Flow 19-1704] No user IP repositories specified
INFO: [IP_Flow 19-2313] Loaded Vivado IP repository 'C:/Xilinx/Vivado/2020.2/data/ip'.
update_compile_order -fileset sources_1
launch_simulation
Command: launch_simulation 
INFO: [Vivado 12-5682] Launching behavioral simulation in 'C:/Logic_Design_Lab/Lab_2/Advance/Lab2_111060013_Decode_And_Execute/Lab2_111060013_Decode_And_Execute.sim/sim_1/behav/xsim'
INFO: [SIM-utils-51] Simulation object is 'sim_1'
INFO: [SIM-utils-54] Inspecting design source files for 'Lab2_111060013_Decode_And_Execute_t' in fileset 'sim_1'...
INFO: [USF-XSim-97] Finding global include files...
INFO: [USF-XSim-98] Fetching design files from 'sim_1'...
INFO: [USF-XSim-2] XSim::Compile design
INFO: [USF-XSim-61] Executing 'COMPILE and ANALYZE' step in 'C:/Logic_Design_Lab/Lab_2/Advance/Lab2_111060013_Decode_And_Execute/Lab2_111060013_Decode_And_Execute.sim/sim_1/behav/xsim'
"xvlog --incr --relax -prj Lab2_111060013_Decode_And_Execute_t_vlog.prj"
INFO: [USF-XSim-69] 'compile' step finished in '2' seconds
INFO: [USF-XSim-3] XSim::Elaborate design
INFO: [USF-XSim-61] Executing 'ELABORATE' step in 'C:/Logic_Design_Lab/Lab_2/Advance/Lab2_111060013_Decode_And_Execute/Lab2_111060013_Decode_And_Execute.sim/sim_1/behav/xsim'
"xelab -wto df3d67f5a55c4359b7253e40e09c96eb --incr --debug typical --relax --mt 2 -L xil_defaultlib -L unisims_ver -L unimacro_ver -L secureip --snapshot Lab2_111060013_Decode_And_Execute_t_behav xil_defaultlib.Lab2_111060013_Decode_And_Execute_t xil_defaultlib.glbl -log elaborate.log"
Vivado Simulator 2020.2
Copyright 1986-1999, 2001-2020 Xilinx, Inc. All Rights Reserved.
Running: C:/Xilinx/Vivado/2020.2/bin/unwrapped/win64.o/xelab.exe -wto df3d67f5a55c4359b7253e40e09c96eb --incr --debug typical --relax --mt 2 -L xil_defaultlib -L unisims_ver -L unimacro_ver -L secureip --snapshot Lab2_111060013_Decode_And_Execute_t_behav xil_defaultlib.Lab2_111060013_Decode_And_Execute_t xil_defaultlib.glbl -log elaborate.log 
Using 2 slave threads.
Starting static elaboration
Pass Through NonSizing Optimizer
WARNING: [VRFC 10-3091] actual bit length 32 differs from formal bit length 1 for port 'a' [C:/Logic_Design_Lab/Lab_2/Advance/Lab2_111060013_Decode_And_Execute/Lab2_111060013_Decode_And_Execute.v:267]
WARNING: [VRFC 10-3091] actual bit length 32 differs from formal bit length 1 for port 'b' [C:/Logic_Design_Lab/Lab_2/Advance/Lab2_111060013_Decode_And_Execute/Lab2_111060013_Decode_And_Execute.v:275]
Completed static elaboration
INFO: [XSIM 43-4323] No Change in HDL. Linking previously generated obj files to create kernel
INFO: [USF-XSim-69] 'elaborate' step finished in '1' seconds
INFO: [USF-XSim-4] XSim::Simulate design
INFO: [USF-XSim-61] Executing 'SIMULATE' step in 'C:/Logic_Design_Lab/Lab_2/Advance/Lab2_111060013_Decode_And_Execute/Lab2_111060013_Decode_And_Execute.sim/sim_1/behav/xsim'
INFO: [USF-XSim-98] *** Running xsim
   with args "Lab2_111060013_Decode_And_Execute_t_behav -key {Behavioral:sim_1:Functional:Lab2_111060013_Decode_And_Execute_t} -tclbatch {Lab2_111060013_Decode_And_Execute_t.tcl} -log {simulate.log}"
INFO: [USF-XSim-8] Loading simulator feature
Vivado Simulator 2020.2
Time resolution is 1 ps
source Lab2_111060013_Decode_And_Execute_t.tcl
# set curr_wave [current_wave_config]
# if { [string length $curr_wave] == 0 } {
#   if { [llength [get_objects]] > 0} {
#     add_wave /
#     set_property needs_save false [current_wave_config]
#   } else {
#      send_msg_id Add_Wave-1 WARNING "No top level signals found. Simulator will start without a wave window. If you want to open a wave window go to 'File->New Waveform Configuration' or type 'create_wave_config' in the TCL console."
#   }
# }
# run 13000
$finish called at time : 10245 ns : File "C:/Logic_Design_Lab/Lab_2/Advance/Lab2_111060013_Decode_And_Execute/Lab2_111060013_Decode_And_Execute_t.v" Line 64
INFO: [USF-XSim-96] XSim completed. Design snapshot 'Lab2_111060013_Decode_And_Execute_t_behav' loaded.
INFO: [USF-XSim-97] XSim simulation ran for 13000
launch_simulation: Time (s): cpu = 00:00:03 ; elapsed = 00:00:07 . Memory (MB): peak = 1017.742 ; gain = 0.000
close_sim
INFO: [Simtcl 6-16] Simulation closed
exit
INFO: [Common 17-206] Exiting Vivado at Thu Oct 12 16:26:00 2023...
