Vivado Simulator 2020.2
Copyright 1986-1999, 2001-2020 Xilinx, Inc. All Rights Reserved.
Running: C:/Xilinx/Vivado/2020.2/bin/unwrapped/win64.o/xelab.exe -wto 4ebd5f061b1544eab3b37e6ab0f17711 --incr --debug typical --relax --mt 2 -L xil_defaultlib -L unisims_ver -L unimacro_ver -L secureip --snapshot NAND_Implement_t_behav xil_defaultlib.NAND_Implement_t xil_defaultlib.glbl -log elaborate.log 
Using 2 slave threads.
Starting static elaboration
Pass Through NonSizing Optimizer
Completed static elaboration
Starting simulation data flow analysis
Completed simulation data flow analysis
Time Resolution for simulation is 1ps
Compiling module xil_defaultlib.Not
Compiling module xil_defaultlib.And
Compiling module xil_defaultlib.Or
Compiling module xil_defaultlib.Nor
Compiling module xil_defaultlib.Xor
Compiling module xil_defaultlib.Xnor
Compiling module xil_defaultlib.Mux_2to1
Compiling module xil_defaultlib.Mux_4to1
Compiling module xil_defaultlib.Mux_8to1
Compiling module xil_defaultlib.NAND_Implement
Compiling module xil_defaultlib.NAND_Implement_t
Compiling module xil_defaultlib.glbl
Built simulation snapshot NAND_Implement_t_behav
