Vivado Simulator 2020.2
Copyright 1986-1999, 2001-2020 Xilinx, Inc. All Rights Reserved.
Running: C:/Xilinx/Vivado/2020.2/bin/unwrapped/win64.o/xelab.exe -wto 1d141072cd0f4f349d363559619eab7e --incr --debug typical --relax --mt 2 -L xil_defaultlib -L unisims_ver -L unimacro_ver -L secureip --snapshot Lab2_111060013_Ripple_Carry_Adder_t_behav xil_defaultlib.Lab2_111060013_Ripple_Carry_Adder_t xil_defaultlib.glbl -log elaborate.log 
Using 2 slave threads.
Starting static elaboration
Pass Through NonSizing Optimizer
Completed static elaboration
Starting simulation data flow analysis
Completed simulation data flow analysis
Time Resolution for simulation is 1ps
Compiling module xil_defaultlib.Not
Compiling module xil_defaultlib.And
Compiling module xil_defaultlib.Or
Compiling module xil_defaultlib.Majority
Compiling module xil_defaultlib.Xor
Compiling module xil_defaultlib.Full_Adder
Compiling module xil_defaultlib.Ripple_Carry_Adder
Compiling module xil_defaultlib.Lab2_111060013_Ripple_Carry_Adde...
Compiling module xil_defaultlib.glbl
Built simulation snapshot Lab2_111060013_Ripple_Carry_Adder_t_behav
