Vivado Simulator 2020.2
Copyright 1986-1999, 2001-2020 Xilinx, Inc. All Rights Reserved.
Running: C:/Xilinx/Vivado/2020.2/bin/unwrapped/win64.o/xelab.exe -wto df3d67f5a55c4359b7253e40e09c96eb --incr --debug typical --relax --mt 2 -L xil_defaultlib -L unisims_ver -L unimacro_ver -L secureip --snapshot Lab2_111060013_Decode_And_Execute_t_behav xil_defaultlib.Lab2_111060013_Decode_And_Execute_t xil_defaultlib.glbl -log elaborate.log 
Using 2 slave threads.
Starting static elaboration
Pass Through NonSizing Optimizer
WARNING: [VRFC 10-3091] actual bit length 32 differs from formal bit length 1 for port 'a' [D:/Logic_Design_Lab/Lab_2/Advance/Lab2_111060013_Decode_And_Execute/Lab2_111060013_Decode_And_Execute.v:268]
WARNING: [VRFC 10-3091] actual bit length 32 differs from formal bit length 1 for port 'b' [D:/Logic_Design_Lab/Lab_2/Advance/Lab2_111060013_Decode_And_Execute/Lab2_111060013_Decode_And_Execute.v:276]
Completed static elaboration
Starting simulation data flow analysis
Completed simulation data flow analysis
Time Resolution for simulation is 1ps
Compiling module xil_defaultlib.Universal_Gate
Compiling module xil_defaultlib.Not
Compiling module xil_defaultlib.BitwiseInvt
Compiling module xil_defaultlib.And
Compiling module xil_defaultlib.Nand
Compiling module xil_defaultlib.Or
Compiling module xil_defaultlib.Xor
Compiling module xil_defaultlib.Half_Adder
Compiling module xil_defaultlib.Majority
Compiling module xil_defaultlib.Full_Adder
Compiling module xil_defaultlib.Add
Compiling module xil_defaultlib.Sub
Compiling module xil_defaultlib.BitwiseOr
Compiling module xil_defaultlib.BitwiseAnd
Compiling module xil_defaultlib.Copy
Compiling module xil_defaultlib.RightShift
Compiling module xil_defaultlib.LeftShift
Compiling module xil_defaultlib.Xnor
Compiling module xil_defaultlib.CLT_1bit
Compiling module xil_defaultlib.CLT_4bits
Compiling module xil_defaultlib.CompareLT
Compiling module xil_defaultlib.CompareEQ
Compiling module xil_defaultlib.Mux_2to1
Compiling module xil_defaultlib.Mux_4to1
Compiling module xil_defaultlib.Mux_8to1
Compiling module xil_defaultlib.Decode_And_Execute
Compiling module xil_defaultlib.Lab2_111060013_Decode_And_Execut...
Compiling module xil_defaultlib.glbl
Built simulation snapshot Lab2_111060013_Decode_And_Execute_t_behav
