
*** Running vivado
    with args -log FPGA.vds -m64 -product Vivado -mode batch -messageDb vivado.pb -notrace -source FPGA.tcl



****** Vivado v2020.2 (64-bit)
  **** SW Build 3064766 on Wed Nov 18 09:12:45 MST 2020
  **** IP Build 3064653 on Wed Nov 18 14:17:31 MST 2020
    ** Copyright 1986-2020 Xilinx, Inc. All Rights Reserved.

source FPGA.tcl -notrace
Command: synth_design -top FPGA -part xc7a35tcpg236-1
Starting synth_design
Attempting to get a license for feature 'Synthesis' and/or device 'xc7a35t'
INFO: [Common 17-349] Got license for feature 'Synthesis' and/or device 'xc7a35t'
INFO: [Device 21-403] Loading part xc7a35tcpg236-1
INFO: [Synth 8-7079] Multithreading enabled for synth_design using a maximum of 2 processes.
INFO: [Synth 8-7078] Launching helper process for spawning children vivado processes
INFO: [Synth 8-7075] Helper process launched with PID 14036
---------------------------------------------------------------------------------
Starting RTL Elaboration : Time (s): cpu = 00:00:02 ; elapsed = 00:00:03 . Memory (MB): peak = 1017.562 ; gain = 0.000
---------------------------------------------------------------------------------
INFO: [Synth 8-6157] synthesizing module 'FPGA' [D:/Logic_Design_Lab/Lab_3/Advance/Lab3_111060013_Parameterized_Ping_Pong_Counter_fpga/Lab3_111060013_Parameterized_Ping_Pong_Counter_fpga.v:3]
INFO: [Synth 8-6157] synthesizing module 'Debounce' [D:/Logic_Design_Lab/Lab_3/Advance/Lab3_111060013_Parameterized_Ping_Pong_Counter_fpga/Lab3_111060013_Parameterized_Ping_Pong_Counter_fpga.v:92]
INFO: [Synth 8-6155] done synthesizing module 'Debounce' (1#1) [D:/Logic_Design_Lab/Lab_3/Advance/Lab3_111060013_Parameterized_Ping_Pong_Counter_fpga/Lab3_111060013_Parameterized_Ping_Pong_Counter_fpga.v:92]
INFO: [Synth 8-6157] synthesizing module 'Square_Signal_Generator' [D:/Logic_Design_Lab/Lab_3/Advance/Lab3_111060013_Parameterized_Ping_Pong_Counter_fpga/Lab3_111060013_Parameterized_Ping_Pong_Counter_fpga.v:76]
INFO: [Synth 8-6155] done synthesizing module 'Square_Signal_Generator' (2#1) [D:/Logic_Design_Lab/Lab_3/Advance/Lab3_111060013_Parameterized_Ping_Pong_Counter_fpga/Lab3_111060013_Parameterized_Ping_Pong_Counter_fpga.v:76]
INFO: [Synth 8-6157] synthesizing module 'Clock_Divider_Circuit' [D:/Logic_Design_Lab/Lab_3/Advance/Lab3_111060013_Parameterized_Ping_Pong_Counter_fpga/Lab3_111060013_Parameterized_Ping_Pong_Counter_fpga.v:298]
INFO: [Synth 8-6155] done synthesizing module 'Clock_Divider_Circuit' (3#1) [D:/Logic_Design_Lab/Lab_3/Advance/Lab3_111060013_Parameterized_Ping_Pong_Counter_fpga/Lab3_111060013_Parameterized_Ping_Pong_Counter_fpga.v:298]
INFO: [Synth 8-6157] synthesizing module 'Clock_Divider_SS7' [D:/Logic_Design_Lab/Lab_3/Advance/Lab3_111060013_Parameterized_Ping_Pong_Counter_fpga/Lab3_111060013_Parameterized_Ping_Pong_Counter_fpga.v:269]
INFO: [Synth 8-6155] done synthesizing module 'Clock_Divider_SS7' (4#1) [D:/Logic_Design_Lab/Lab_3/Advance/Lab3_111060013_Parameterized_Ping_Pong_Counter_fpga/Lab3_111060013_Parameterized_Ping_Pong_Counter_fpga.v:269]
INFO: [Synth 8-6157] synthesizing module 'Parameterized_Ping_Pong_Counter' [D:/Logic_Design_Lab/Lab_3/Advance/Lab3_111060013_Parameterized_Ping_Pong_Counter_fpga/Lab3_111060013_Parameterized_Ping_Pong_Counter_fpga.v:206]
INFO: [Synth 8-226] default block is never used [D:/Logic_Design_Lab/Lab_3/Advance/Lab3_111060013_Parameterized_Ping_Pong_Counter_fpga/Lab3_111060013_Parameterized_Ping_Pong_Counter_fpga.v:248]
INFO: [Synth 8-6155] done synthesizing module 'Parameterized_Ping_Pong_Counter' (5#1) [D:/Logic_Design_Lab/Lab_3/Advance/Lab3_111060013_Parameterized_Ping_Pong_Counter_fpga/Lab3_111060013_Parameterized_Ping_Pong_Counter_fpga.v:206]
INFO: [Synth 8-6157] synthesizing module 'SS7' [D:/Logic_Design_Lab/Lab_3/Advance/Lab3_111060013_Parameterized_Ping_Pong_Counter_fpga/Lab3_111060013_Parameterized_Ping_Pong_Counter_fpga.v:110]
INFO: [Synth 8-226] default block is never used [D:/Logic_Design_Lab/Lab_3/Advance/Lab3_111060013_Parameterized_Ping_Pong_Counter_fpga/Lab3_111060013_Parameterized_Ping_Pong_Counter_fpga.v:188]
INFO: [Synth 8-226] default block is never used [D:/Logic_Design_Lab/Lab_3/Advance/Lab3_111060013_Parameterized_Ping_Pong_Counter_fpga/Lab3_111060013_Parameterized_Ping_Pong_Counter_fpga.v:197]
INFO: [Synth 8-6155] done synthesizing module 'SS7' (6#1) [D:/Logic_Design_Lab/Lab_3/Advance/Lab3_111060013_Parameterized_Ping_Pong_Counter_fpga/Lab3_111060013_Parameterized_Ping_Pong_Counter_fpga.v:110]
INFO: [Synth 8-6155] done synthesizing module 'FPGA' (7#1) [D:/Logic_Design_Lab/Lab_3/Advance/Lab3_111060013_Parameterized_Ping_Pong_Counter_fpga/Lab3_111060013_Parameterized_Ping_Pong_Counter_fpga.v:3]
---------------------------------------------------------------------------------
Finished RTL Elaboration : Time (s): cpu = 00:00:02 ; elapsed = 00:00:04 . Memory (MB): peak = 1017.562 ; gain = 0.000
---------------------------------------------------------------------------------
---------------------------------------------------------------------------------
Start Handling Custom Attributes
---------------------------------------------------------------------------------
---------------------------------------------------------------------------------
Finished Handling Custom Attributes : Time (s): cpu = 00:00:02 ; elapsed = 00:00:04 . Memory (MB): peak = 1017.562 ; gain = 0.000
---------------------------------------------------------------------------------
---------------------------------------------------------------------------------
Finished RTL Optimization Phase 1 : Time (s): cpu = 00:00:02 ; elapsed = 00:00:04 . Memory (MB): peak = 1017.562 ; gain = 0.000
---------------------------------------------------------------------------------
Netlist sorting complete. Time (s): cpu = 00:00:00 ; elapsed = 00:00:00.002 . Memory (MB): peak = 1017.562 ; gain = 0.000
INFO: [Project 1-570] Preparing netlist for logic optimization

Processing XDC Constraints
Initializing timing engine
Parsing XDC File [D:/Logic_Design_Lab/Lab_3/Advance/Lab3_111060013_Parameterized_Ping_Pong_Counter_fpga/Lab3_111060013_Parameterized_Ping_Pong_Counter_fpga.srcs/constrs_1/new/fpga.xdc]
Finished Parsing XDC File [D:/Logic_Design_Lab/Lab_3/Advance/Lab3_111060013_Parameterized_Ping_Pong_Counter_fpga/Lab3_111060013_Parameterized_Ping_Pong_Counter_fpga.srcs/constrs_1/new/fpga.xdc]
INFO: [Project 1-236] Implementation specific constraints were found while reading constraint file [D:/Logic_Design_Lab/Lab_3/Advance/Lab3_111060013_Parameterized_Ping_Pong_Counter_fpga/Lab3_111060013_Parameterized_Ping_Pong_Counter_fpga.srcs/constrs_1/new/fpga.xdc]. These constraints will be ignored for synthesis but will be used in implementation. Impacted constraints are listed in the file [.Xil/FPGA_propImpl.xdc].
Resolution: To avoid this warning, move constraints listed in [.Xil/FPGA_propImpl.xdc] to another XDC file and exclude this new file from synthesis with the used_in_synthesis property (File Properties dialog in GUI) and re-run elaboration/synthesis.
Completed Processing XDC Constraints

Netlist sorting complete. Time (s): cpu = 00:00:00 ; elapsed = 00:00:00 . Memory (MB): peak = 1060.758 ; gain = 0.000
INFO: [Project 1-111] Unisim Transformation Summary:
No Unisim elements were transformed.

Constraint Validation Runtime : Time (s): cpu = 00:00:00 ; elapsed = 00:00:00.001 . Memory (MB): peak = 1060.758 ; gain = 0.000
---------------------------------------------------------------------------------
Finished Constraint Validation : Time (s): cpu = 00:00:04 ; elapsed = 00:00:08 . Memory (MB): peak = 1060.758 ; gain = 43.195
---------------------------------------------------------------------------------
---------------------------------------------------------------------------------
Start Loading Part and Timing Information
---------------------------------------------------------------------------------
Loading part: xc7a35tcpg236-1
---------------------------------------------------------------------------------
Finished Loading Part and Timing Information : Time (s): cpu = 00:00:04 ; elapsed = 00:00:08 . Memory (MB): peak = 1060.758 ; gain = 43.195
---------------------------------------------------------------------------------
---------------------------------------------------------------------------------
Start Applying 'set_property' XDC Constraints
---------------------------------------------------------------------------------
---------------------------------------------------------------------------------
Finished applying 'set_property' XDC Constraints : Time (s): cpu = 00:00:04 ; elapsed = 00:00:08 . Memory (MB): peak = 1060.758 ; gain = 43.195
---------------------------------------------------------------------------------
---------------------------------------------------------------------------------
Finished RTL Optimization Phase 2 : Time (s): cpu = 00:00:05 ; elapsed = 00:00:08 . Memory (MB): peak = 1060.758 ; gain = 43.195
---------------------------------------------------------------------------------
---------------------------------------------------------------------------------
Start RTL Component Statistics 
---------------------------------------------------------------------------------
Detailed RTL Component Info : 
+---Adders : 
	   2 Input   27 Bit       Adders := 1     
	   2 Input   17 Bit       Adders := 1     
	   2 Input    4 Bit       Adders := 2     
	   2 Input    2 Bit       Adders := 1     
+---Registers : 
	               27 Bit    Registers := 1     
	               17 Bit    Registers := 1     
	                4 Bit    Registers := 1     
	                2 Bit    Registers := 1     
	                1 Bit    Registers := 16    
+---Muxes : 
	   2 Input   27 Bit        Muxes := 1     
	   2 Input   17 Bit        Muxes := 1     
	  16 Input    8 Bit        Muxes := 1     
	   2 Input    8 Bit        Muxes := 1     
	  19 Input    8 Bit        Muxes := 1     
	   4 Input    4 Bit        Muxes := 2     
	   2 Input    4 Bit        Muxes := 3     
	   2 Input    1 Bit        Muxes := 1     
---------------------------------------------------------------------------------
Finished RTL Component Statistics 
---------------------------------------------------------------------------------
---------------------------------------------------------------------------------
Start Part Resource Summary
---------------------------------------------------------------------------------
Part Resources:
DSPs: 90 (col length:60)
BRAMs: 100 (col length: RAMB18 60 RAMB36 30)
---------------------------------------------------------------------------------
Finished Part Resource Summary
---------------------------------------------------------------------------------
---------------------------------------------------------------------------------
Start Cross Boundary and Area Optimization
---------------------------------------------------------------------------------
---------------------------------------------------------------------------------
Finished Cross Boundary and Area Optimization : Time (s): cpu = 00:00:05 ; elapsed = 00:00:10 . Memory (MB): peak = 1060.758 ; gain = 43.195
---------------------------------------------------------------------------------
---------------------------------------------------------------------------------
Start Applying XDC Timing Constraints
---------------------------------------------------------------------------------
---------------------------------------------------------------------------------
Finished Applying XDC Timing Constraints : Time (s): cpu = 00:00:07 ; elapsed = 00:00:13 . Memory (MB): peak = 1060.758 ; gain = 43.195
---------------------------------------------------------------------------------
---------------------------------------------------------------------------------
Start Timing Optimization
---------------------------------------------------------------------------------
---------------------------------------------------------------------------------
Finished Timing Optimization : Time (s): cpu = 00:00:07 ; elapsed = 00:00:13 . Memory (MB): peak = 1060.758 ; gain = 43.195
---------------------------------------------------------------------------------
---------------------------------------------------------------------------------
Start Technology Mapping
---------------------------------------------------------------------------------
---------------------------------------------------------------------------------
Finished Technology Mapping : Time (s): cpu = 00:00:07 ; elapsed = 00:00:13 . Memory (MB): peak = 1060.758 ; gain = 43.195
---------------------------------------------------------------------------------
---------------------------------------------------------------------------------
Start IO Insertion
---------------------------------------------------------------------------------
---------------------------------------------------------------------------------
Start Flattening Before IO Insertion
---------------------------------------------------------------------------------
---------------------------------------------------------------------------------
Finished Flattening Before IO Insertion
---------------------------------------------------------------------------------
---------------------------------------------------------------------------------
Start Final Netlist Cleanup
---------------------------------------------------------------------------------
---------------------------------------------------------------------------------
Finished Final Netlist Cleanup
---------------------------------------------------------------------------------
---------------------------------------------------------------------------------
Finished IO Insertion : Time (s): cpu = 00:00:09 ; elapsed = 00:00:15 . Memory (MB): peak = 1060.758 ; gain = 43.195
---------------------------------------------------------------------------------
---------------------------------------------------------------------------------
Start Renaming Generated Instances
---------------------------------------------------------------------------------
---------------------------------------------------------------------------------
Finished Renaming Generated Instances : Time (s): cpu = 00:00:09 ; elapsed = 00:00:15 . Memory (MB): peak = 1060.758 ; gain = 43.195
---------------------------------------------------------------------------------
---------------------------------------------------------------------------------
Start Rebuilding User Hierarchy
---------------------------------------------------------------------------------
---------------------------------------------------------------------------------
Finished Rebuilding User Hierarchy : Time (s): cpu = 00:00:09 ; elapsed = 00:00:15 . Memory (MB): peak = 1060.758 ; gain = 43.195
---------------------------------------------------------------------------------
---------------------------------------------------------------------------------
Start Renaming Generated Ports
---------------------------------------------------------------------------------
---------------------------------------------------------------------------------
Finished Renaming Generated Ports : Time (s): cpu = 00:00:09 ; elapsed = 00:00:15 . Memory (MB): peak = 1060.758 ; gain = 43.195
---------------------------------------------------------------------------------
---------------------------------------------------------------------------------
Start Handling Custom Attributes
---------------------------------------------------------------------------------
---------------------------------------------------------------------------------
Finished Handling Custom Attributes : Time (s): cpu = 00:00:09 ; elapsed = 00:00:15 . Memory (MB): peak = 1060.758 ; gain = 43.195
---------------------------------------------------------------------------------
---------------------------------------------------------------------------------
Start Renaming Generated Nets
---------------------------------------------------------------------------------
---------------------------------------------------------------------------------
Finished Renaming Generated Nets : Time (s): cpu = 00:00:09 ; elapsed = 00:00:15 . Memory (MB): peak = 1060.758 ; gain = 43.195
---------------------------------------------------------------------------------
---------------------------------------------------------------------------------
Start Writing Synthesis Report
---------------------------------------------------------------------------------

Report BlackBoxes: 
+-+--------------+----------+
| |BlackBox name |Instances |
+-+--------------+----------+
+-+--------------+----------+

Report Cell Usage: 
+------+-------+------+
|      |Cell   |Count |
+------+-------+------+
|1     |BUFG   |     1|
|2     |CARRY4 |    18|
|3     |LUT1   |     5|
|4     |LUT2   |    21|
|5     |LUT3   |    13|
|6     |LUT4   |    37|
|7     |LUT5   |    11|
|8     |LUT6   |    28|
|9     |FDRE   |    91|
|10    |FDSE   |     2|
|11    |IBUF   |    12|
|12    |OBUF   |    12|
+------+-------+------+
---------------------------------------------------------------------------------
Finished Writing Synthesis Report : Time (s): cpu = 00:00:09 ; elapsed = 00:00:15 . Memory (MB): peak = 1060.758 ; gain = 43.195
---------------------------------------------------------------------------------
Synthesis finished with 0 errors, 0 critical warnings and 0 warnings.
Synthesis Optimization Runtime : Time (s): cpu = 00:00:06 ; elapsed = 00:00:14 . Memory (MB): peak = 1060.758 ; gain = 0.000
Synthesis Optimization Complete : Time (s): cpu = 00:00:09 ; elapsed = 00:00:16 . Memory (MB): peak = 1060.758 ; gain = 43.195
INFO: [Project 1-571] Translating synthesized netlist
Netlist sorting complete. Time (s): cpu = 00:00:00 ; elapsed = 00:00:00.002 . Memory (MB): peak = 1062.566 ; gain = 0.000
INFO: [Netlist 29-17] Analyzing 18 Unisim elements for replacement
INFO: [Netlist 29-28] Unisim Transformation completed in 0 CPU seconds
INFO: [Project 1-570] Preparing netlist for logic optimization
INFO: [Opt 31-138] Pushed 0 inverter(s) to 0 load pin(s).
Netlist sorting complete. Time (s): cpu = 00:00:00 ; elapsed = 00:00:00 . Memory (MB): peak = 1065.074 ; gain = 0.000
INFO: [Project 1-111] Unisim Transformation Summary:
No Unisim elements were transformed.

INFO: [Common 17-83] Releasing license: Synthesis
32 Infos, 0 Warnings, 0 Critical Warnings and 0 Errors encountered.
synth_design completed successfully
synth_design: Time (s): cpu = 00:00:11 ; elapsed = 00:00:21 . Memory (MB): peak = 1065.074 ; gain = 47.512
INFO: [Common 17-1381] The checkpoint 'D:/Logic_Design_Lab/Lab_3/Advance/Lab3_111060013_Parameterized_Ping_Pong_Counter_fpga/Lab3_111060013_Parameterized_Ping_Pong_Counter_fpga.runs/synth_1/FPGA.dcp' has been generated.
INFO: [runtcl-4] Executing : report_utilization -file FPGA_utilization_synth.rpt -pb FPGA_utilization_synth.pb
INFO: [Common 17-206] Exiting Vivado at Mon Oct 23 22:50:05 2023...
