
*** Running vivado
    with args -log Crossbar_2x2_4bit.vds -m64 -product Vivado -mode batch -messageDb vivado.pb -notrace -source Crossbar_2x2_4bit.tcl



****** Vivado v2020.2 (64-bit)
  **** SW Build 3064766 on Wed Nov 18 09:12:45 MST 2020
  **** IP Build 3064653 on Wed Nov 18 14:17:31 MST 2020
    ** Copyright 1986-2020 Xilinx, Inc. All Rights Reserved.

source Crossbar_2x2_4bit.tcl -notrace
Command: synth_design -top Crossbar_2x2_4bit -part xc7a35tcpg236-1
Starting synth_design
Attempting to get a license for feature 'Synthesis' and/or device 'xc7a35t'
INFO: [Common 17-349] Got license for feature 'Synthesis' and/or device 'xc7a35t'
INFO: [Device 21-403] Loading part xc7a35tcpg236-1
INFO: [Synth 8-7079] Multithreading enabled for synth_design using a maximum of 2 processes.
INFO: [Synth 8-7078] Launching helper process for spawning children vivado processes
INFO: [Synth 8-7075] Helper process launched with PID 5880
---------------------------------------------------------------------------------
Starting RTL Elaboration : Time (s): cpu = 00:00:03 ; elapsed = 00:00:04 . Memory (MB): peak = 1017.730 ; gain = 0.000
---------------------------------------------------------------------------------
INFO: [Synth 8-6157] synthesizing module 'Crossbar_2x2_4bit' [C:/Logic_Design_Lab/Lab_1/Advance/Crossbar_2x2_4bit_fpga/Crossbar_2x2_4bit_fpga/Lab1_111060013_Crossbar_2x2_4bit_fpga.v:3]
INFO: [Synth 8-6157] synthesizing module 'Fanout_1to2_4bits' [C:/Logic_Design_Lab/Lab_1/Advance/Crossbar_2x2_4bit_fpga/Crossbar_2x2_4bit_fpga/Lab1_111060013_Crossbar_2x2_4bit_fpga.v:23]
INFO: [Synth 8-6155] done synthesizing module 'Fanout_1to2_4bits' (1#1) [C:/Logic_Design_Lab/Lab_1/Advance/Crossbar_2x2_4bit_fpga/Crossbar_2x2_4bit_fpga/Lab1_111060013_Crossbar_2x2_4bit_fpga.v:23]
INFO: [Synth 8-6157] synthesizing module 'DMux_1to2_4bits' [C:/Logic_Design_Lab/Lab_1/Advance/Crossbar_2x2_4bit_fpga/Crossbar_2x2_4bit_fpga/Lab1_111060013_Crossbar_2x2_4bit_fpga.v:64]
INFO: [Synth 8-6155] done synthesizing module 'DMux_1to2_4bits' (2#1) [C:/Logic_Design_Lab/Lab_1/Advance/Crossbar_2x2_4bit_fpga/Crossbar_2x2_4bit_fpga/Lab1_111060013_Crossbar_2x2_4bit_fpga.v:64]
INFO: [Synth 8-6157] synthesizing module 'Mux_2to1_4bits' [C:/Logic_Design_Lab/Lab_1/Advance/Crossbar_2x2_4bit_fpga/Crossbar_2x2_4bit_fpga/Lab1_111060013_Crossbar_2x2_4bit_fpga.v:39]
INFO: [Synth 8-6155] done synthesizing module 'Mux_2to1_4bits' (3#1) [C:/Logic_Design_Lab/Lab_1/Advance/Crossbar_2x2_4bit_fpga/Crossbar_2x2_4bit_fpga/Lab1_111060013_Crossbar_2x2_4bit_fpga.v:39]
INFO: [Synth 8-6155] done synthesizing module 'Crossbar_2x2_4bit' (4#1) [C:/Logic_Design_Lab/Lab_1/Advance/Crossbar_2x2_4bit_fpga/Crossbar_2x2_4bit_fpga/Lab1_111060013_Crossbar_2x2_4bit_fpga.v:3]
---------------------------------------------------------------------------------
Finished RTL Elaboration : Time (s): cpu = 00:00:03 ; elapsed = 00:00:04 . Memory (MB): peak = 1017.730 ; gain = 0.000
---------------------------------------------------------------------------------
---------------------------------------------------------------------------------
Start Handling Custom Attributes
---------------------------------------------------------------------------------
---------------------------------------------------------------------------------
Finished Handling Custom Attributes : Time (s): cpu = 00:00:03 ; elapsed = 00:00:05 . Memory (MB): peak = 1017.730 ; gain = 0.000
---------------------------------------------------------------------------------
---------------------------------------------------------------------------------
Finished RTL Optimization Phase 1 : Time (s): cpu = 00:00:03 ; elapsed = 00:00:05 . Memory (MB): peak = 1017.730 ; gain = 0.000
---------------------------------------------------------------------------------
Netlist sorting complete. Time (s): cpu = 00:00:00 ; elapsed = 00:00:00 . Memory (MB): peak = 1017.730 ; gain = 0.000
INFO: [Project 1-570] Preparing netlist for logic optimization

Processing XDC Constraints
Initializing timing engine
Parsing XDC File [C:/Logic_Design_Lab/Lab_1/Advance/Crossbar_2x2_4bit_fpga/Crossbar_2x2_4bit_fpga/Crossbar_2x2_4bit_fpga.srcs/constrs_1/new/Crossbar_2x2_4bit.xdc]
Finished Parsing XDC File [C:/Logic_Design_Lab/Lab_1/Advance/Crossbar_2x2_4bit_fpga/Crossbar_2x2_4bit_fpga/Crossbar_2x2_4bit_fpga.srcs/constrs_1/new/Crossbar_2x2_4bit.xdc]
INFO: [Project 1-236] Implementation specific constraints were found while reading constraint file [C:/Logic_Design_Lab/Lab_1/Advance/Crossbar_2x2_4bit_fpga/Crossbar_2x2_4bit_fpga/Crossbar_2x2_4bit_fpga.srcs/constrs_1/new/Crossbar_2x2_4bit.xdc]. These constraints will be ignored for synthesis but will be used in implementation. Impacted constraints are listed in the file [.Xil/Crossbar_2x2_4bit_propImpl.xdc].
Resolution: To avoid this warning, move constraints listed in [.Xil/Crossbar_2x2_4bit_propImpl.xdc] to another XDC file and exclude this new file from synthesis with the used_in_synthesis property (File Properties dialog in GUI) and re-run elaboration/synthesis.
Completed Processing XDC Constraints

Netlist sorting complete. Time (s): cpu = 00:00:00 ; elapsed = 00:00:00 . Memory (MB): peak = 1029.906 ; gain = 0.000
INFO: [Project 1-111] Unisim Transformation Summary:
No Unisim elements were transformed.

Constraint Validation Runtime : Time (s): cpu = 00:00:00 ; elapsed = 00:00:00.002 . Memory (MB): peak = 1029.906 ; gain = 0.000
---------------------------------------------------------------------------------
Finished Constraint Validation : Time (s): cpu = 00:00:06 ; elapsed = 00:00:09 . Memory (MB): peak = 1029.906 ; gain = 12.176
---------------------------------------------------------------------------------
---------------------------------------------------------------------------------
Start Loading Part and Timing Information
---------------------------------------------------------------------------------
Loading part: xc7a35tcpg236-1
---------------------------------------------------------------------------------
Finished Loading Part and Timing Information : Time (s): cpu = 00:00:06 ; elapsed = 00:00:09 . Memory (MB): peak = 1029.906 ; gain = 12.176
---------------------------------------------------------------------------------
---------------------------------------------------------------------------------
Start Applying 'set_property' XDC Constraints
---------------------------------------------------------------------------------
---------------------------------------------------------------------------------
Finished applying 'set_property' XDC Constraints : Time (s): cpu = 00:00:06 ; elapsed = 00:00:09 . Memory (MB): peak = 1029.906 ; gain = 12.176
---------------------------------------------------------------------------------
---------------------------------------------------------------------------------
Finished RTL Optimization Phase 2 : Time (s): cpu = 00:00:06 ; elapsed = 00:00:09 . Memory (MB): peak = 1029.906 ; gain = 12.176
---------------------------------------------------------------------------------
---------------------------------------------------------------------------------
Start RTL Component Statistics 
---------------------------------------------------------------------------------
Detailed RTL Component Info : 
---------------------------------------------------------------------------------
Finished RTL Component Statistics 
---------------------------------------------------------------------------------
---------------------------------------------------------------------------------
Start Part Resource Summary
---------------------------------------------------------------------------------
Part Resources:
DSPs: 90 (col length:60)
BRAMs: 100 (col length: RAMB18 60 RAMB36 30)
---------------------------------------------------------------------------------
Finished Part Resource Summary
---------------------------------------------------------------------------------
---------------------------------------------------------------------------------
Start Cross Boundary and Area Optimization
---------------------------------------------------------------------------------
---------------------------------------------------------------------------------
Finished Cross Boundary and Area Optimization : Time (s): cpu = 00:00:07 ; elapsed = 00:00:10 . Memory (MB): peak = 1029.906 ; gain = 12.176
---------------------------------------------------------------------------------
---------------------------------------------------------------------------------
Start Applying XDC Timing Constraints
---------------------------------------------------------------------------------
---------------------------------------------------------------------------------
Finished Applying XDC Timing Constraints : Time (s): cpu = 00:00:10 ; elapsed = 00:00:15 . Memory (MB): peak = 1029.906 ; gain = 12.176
---------------------------------------------------------------------------------
---------------------------------------------------------------------------------
Start Timing Optimization
---------------------------------------------------------------------------------
---------------------------------------------------------------------------------
Finished Timing Optimization : Time (s): cpu = 00:00:10 ; elapsed = 00:00:15 . Memory (MB): peak = 1029.906 ; gain = 12.176
---------------------------------------------------------------------------------
---------------------------------------------------------------------------------
Start Technology Mapping
---------------------------------------------------------------------------------
---------------------------------------------------------------------------------
Finished Technology Mapping : Time (s): cpu = 00:00:10 ; elapsed = 00:00:15 . Memory (MB): peak = 1044.375 ; gain = 26.645
---------------------------------------------------------------------------------
---------------------------------------------------------------------------------
Start IO Insertion
---------------------------------------------------------------------------------
---------------------------------------------------------------------------------
Start Flattening Before IO Insertion
---------------------------------------------------------------------------------
---------------------------------------------------------------------------------
Finished Flattening Before IO Insertion
---------------------------------------------------------------------------------
---------------------------------------------------------------------------------
Start Final Netlist Cleanup
---------------------------------------------------------------------------------
---------------------------------------------------------------------------------
Finished Final Netlist Cleanup
---------------------------------------------------------------------------------
---------------------------------------------------------------------------------
Finished IO Insertion : Time (s): cpu = 00:00:12 ; elapsed = 00:00:18 . Memory (MB): peak = 1051.125 ; gain = 33.395
---------------------------------------------------------------------------------
---------------------------------------------------------------------------------
Start Renaming Generated Instances
---------------------------------------------------------------------------------
---------------------------------------------------------------------------------
Finished Renaming Generated Instances : Time (s): cpu = 00:00:12 ; elapsed = 00:00:18 . Memory (MB): peak = 1051.125 ; gain = 33.395
---------------------------------------------------------------------------------
---------------------------------------------------------------------------------
Start Rebuilding User Hierarchy
---------------------------------------------------------------------------------
---------------------------------------------------------------------------------
Finished Rebuilding User Hierarchy : Time (s): cpu = 00:00:12 ; elapsed = 00:00:18 . Memory (MB): peak = 1051.125 ; gain = 33.395
---------------------------------------------------------------------------------
---------------------------------------------------------------------------------
Start Renaming Generated Ports
---------------------------------------------------------------------------------
---------------------------------------------------------------------------------
Finished Renaming Generated Ports : Time (s): cpu = 00:00:12 ; elapsed = 00:00:18 . Memory (MB): peak = 1051.125 ; gain = 33.395
---------------------------------------------------------------------------------
---------------------------------------------------------------------------------
Start Handling Custom Attributes
---------------------------------------------------------------------------------
---------------------------------------------------------------------------------
Finished Handling Custom Attributes : Time (s): cpu = 00:00:12 ; elapsed = 00:00:18 . Memory (MB): peak = 1051.125 ; gain = 33.395
---------------------------------------------------------------------------------
---------------------------------------------------------------------------------
Start Renaming Generated Nets
---------------------------------------------------------------------------------
---------------------------------------------------------------------------------
Finished Renaming Generated Nets : Time (s): cpu = 00:00:12 ; elapsed = 00:00:18 . Memory (MB): peak = 1051.125 ; gain = 33.395
---------------------------------------------------------------------------------
---------------------------------------------------------------------------------
Start Writing Synthesis Report
---------------------------------------------------------------------------------

Report BlackBoxes: 
+-+--------------+----------+
| |BlackBox name |Instances |
+-+--------------+----------+
+-+--------------+----------+

Report Cell Usage: 
+------+-----+------+
|      |Cell |Count |
+------+-----+------+
|1     |LUT3 |     8|
|2     |IBUF |     9|
|3     |OBUF |    16|
+------+-----+------+
---------------------------------------------------------------------------------
Finished Writing Synthesis Report : Time (s): cpu = 00:00:12 ; elapsed = 00:00:18 . Memory (MB): peak = 1051.125 ; gain = 33.395
---------------------------------------------------------------------------------
Synthesis finished with 0 errors, 0 critical warnings and 0 warnings.
Synthesis Optimization Runtime : Time (s): cpu = 00:00:08 ; elapsed = 00:00:16 . Memory (MB): peak = 1051.125 ; gain = 21.219
Synthesis Optimization Complete : Time (s): cpu = 00:00:12 ; elapsed = 00:00:18 . Memory (MB): peak = 1051.125 ; gain = 33.395
INFO: [Project 1-571] Translating synthesized netlist
Netlist sorting complete. Time (s): cpu = 00:00:00 ; elapsed = 00:00:00 . Memory (MB): peak = 1062.184 ; gain = 0.000
INFO: [Project 1-570] Preparing netlist for logic optimization
INFO: [Opt 31-138] Pushed 0 inverter(s) to 0 load pin(s).
Netlist sorting complete. Time (s): cpu = 00:00:00 ; elapsed = 00:00:00 . Memory (MB): peak = 1068.547 ; gain = 0.000
INFO: [Project 1-111] Unisim Transformation Summary:
No Unisim elements were transformed.

INFO: [Common 17-83] Releasing license: Synthesis
21 Infos, 0 Warnings, 0 Critical Warnings and 0 Errors encountered.
synth_design completed successfully
synth_design: Time (s): cpu = 00:00:14 ; elapsed = 00:00:23 . Memory (MB): peak = 1068.547 ; gain = 50.816
INFO: [Common 17-1381] The checkpoint 'C:/Logic_Design_Lab/Lab_1/Advance/Crossbar_2x2_4bit_fpga/Crossbar_2x2_4bit_fpga/Crossbar_2x2_4bit_fpga.runs/synth_1/Crossbar_2x2_4bit.dcp' has been generated.
INFO: [runtcl-4] Executing : report_utilization -file Crossbar_2x2_4bit_utilization_synth.rpt -pb Crossbar_2x2_4bit_utilization_synth.pb
INFO: [Common 17-206] Exiting Vivado at Thu Oct 12 16:27:25 2023...
